<?xml version="1.0" encoding="UTF-8"?>
<!-- Generated by org.testng.reporters.JUnitReportReporter -->
<testsuite hostname="Qunoot-Ahmed" failures="0" tests="2" name="com.api.tests.LoginAPITest" time="4.356" errors="0" timestamp="2026-01-11T01:50:15 PKT" skipped="0">
  <testcase classname="com.api.tests.LoginAPITest" name="loginTest" time="3.112"/>
  <system-out/>
  <testcase classname="com.api.tests.LoginAPITest" name="logoutTest" time="1.244"/>
  <system-out/>
</testsuite> <!-- com.api.tests.LoginAPITest -->
